<?xml version="1.0" encoding="UTF-8"?>
<!-- Generated by org.testng.reporters.JUnitReportReporter -->
<testsuite hostname="Anshikas-MacBook-Air.local" failures="0" tests="1" name="pages.OAuthTestClass" time="1.969" errors="0" timestamp="2025-10-05T23:18:19 IST" skipped="0">
  <testcase classname="pages.OAuthTestClass" name="getAccessToken" time="1.969"/>
  <system-out/>
</testsuite> <!-- pages.OAuthTestClass -->
