<?xml version="1.0" encoding="UTF-8"?>
<!-- Generated by org.testng.reporters.JUnitReportReporter -->
<testsuite hostname="Anshikas-MacBook-Air.local" failures="0" tests="1" name="pages.GoogleMapAddPlace_pojo" time="1.034" errors="0" timestamp="2025-10-16T22:21:34 IST" skipped="0">
  <testcase classname="pages.GoogleMapAddPlace_pojo" name="addPlaceUsingPOJOFunc" time="1.034"/>
  <system-out/>
</testsuite> <!-- pages.GoogleMapAddPlace_pojo -->
