<?xml version="1.0" encoding="UTF-8"?>
<!-- Generated by org.testng.reporters.JUnitReportReporter -->
<testsuite hostname="Anshikas-MacBook-Air.local" failures="0" tests="1" name="pages.OAuthTestClass" time="1.058" errors="0" timestamp="2025-10-06T23:05:45 IST" skipped="0">
  <testcase classname="pages.OAuthTestClass" name="getAccessToken" time="1.058"/>
  <system-out/>
</testsuite> <!-- pages.OAuthTestClass -->
